<?xml version="1.0" encoding="UTF-8"?>
<!-- Generated by org.testng.reporters.JUnitReportReporter -->
<testsuite hostname="filipm-VirtualBox" name="com.epam.ja.kmw.scraping.LibraryCheckerTest" tests="1" failures="0" timestamp="11 May 2016 13:15:05 GMT" time="0.015" errors="0">
  <testcase name="badlyNamedTest" time="0.015" classname="com.epam.ja.kmw.scraping.LibraryCheckerTest"/>
</testsuite> <!-- com.epam.ja.kmw.scraping.LibraryCheckerTest -->
