<?xml version="1.0" encoding="UTF-8"?>
<!-- Generated by org.testng.reporters.JUnitReportReporter -->
<testsuite hostname="adam-HP-Pavilion-g7-Notebook-PC" name="com.epam.ja.kmw.dao.impl.PropertiesDaoImplTest" tests="5" failures="0" timestamp="13 Apr 2016 10:31:54 GMT" time="0.037" errors="0">
  <testcase name="createTablePropertiesIsWrong" time="0.002" classname="com.epam.ja.kmw.dao.impl.PropertiesDaoImplTest"/>
  <testcase name="upgradeIsGood" time="0.010" classname="com.epam.ja.kmw.dao.impl.PropertiesDaoImplTest"/>
  <testcase name="createTablePropertiesIsGood" time="0.005" classname="com.epam.ja.kmw.dao.impl.PropertiesDaoImplTest"/>
  <testcase name="getPropertiesIsGood" time="0.012" classname="com.epam.ja.kmw.dao.impl.PropertiesDaoImplTest"/>
  <testcase name="getPropertiesIsNotGood" time="0.008" classname="com.epam.ja.kmw.dao.impl.PropertiesDaoImplTest"/>
</testsuite> <!-- com.epam.ja.kmw.dao.impl.PropertiesDaoImplTest -->
