<?xml version="1.0" encoding="UTF-8"?>
<!-- Generated by org.testng.reporters.JUnitReportReporter -->
<testsuite hostname="adam-HP-Pavilion-g7-Notebook-PC" name="com.epam.ja.kmw.dao.impl.BookDaoImplTest" tests="5" failures="0" timestamp="13 Apr 2016 10:42:28 GMT" time="0.585" errors="0">
  <testcase name="testsMethodAddBook" time="0.009" classname="com.epam.ja.kmw.dao.impl.BookDaoImplTest"/>
  <testcase name="testsMethodUpdateBook" time="0.002" classname="com.epam.ja.kmw.dao.impl.BookDaoImplTest"/>
  <testcase name="testsMethodAddAllBooks" time="0.566" classname="com.epam.ja.kmw.dao.impl.BookDaoImplTest"/>
  <testcase name="testsMethodDelBook" time="0.005" classname="com.epam.ja.kmw.dao.impl.BookDaoImplTest"/>
  <testcase name="testsMethodGetAllBooks" time="0.003" classname="com.epam.ja.kmw.dao.impl.BookDaoImplTest"/>
</testsuite> <!-- com.epam.ja.kmw.dao.impl.BookDaoImplTest -->
