<?xml version="1.0" encoding="UTF-8"?>
<!-- Generated by org.testng.reporters.JUnitReportReporter -->
<testsuite hostname="filipm-VirtualBox" name="com.epam.ja.kmw.model.BookTest" tests="16" failures="0" timestamp="12 May 2016 08:09:45 GMT" time="0.099" errors="0">
  <testcase name="testMethodEqualsForTwoDifferentObjects" time="0.002" classname="com.epam.ja.kmw.model.BookTest"/>
  <testcase name="testMethodEqualsForTwoEvenObjects" time="0.000" classname="com.epam.ja.kmw.model.BookTest"/>
  <testcase name="testIfHashCodeIsDifferentForTwoDifferObjects" time="0.000" classname="com.epam.ja.kmw.model.BookTest"/>
  <testcase name="testMethodEqualsForTwoDifferentObjects" time="0.000" classname="com.epam.ja.kmw.model.BookTest"/>
  <testcase name="testIfHashCodeIsDifferentForTwoDifferObjects" time="0.001" classname="com.epam.ja.kmw.model.BookTest"/>
  <testcase name="testIfHashCodeIsSameForIdenticalObjects" time="0.000" classname="com.epam.ja.kmw.model.BookTest"/>
  <testcase name="testIfHashCodeIsSameForIdenticalObjects" time="0.000" classname="com.epam.ja.kmw.model.BookTest"/>
  <testcase name="testMethodEqualsForTwoEvenObjects" time="0.000" classname="com.epam.ja.kmw.model.BookTest"/>
  <testcase name="testIfHashCodeIsSameForIdenticalObjects" time="0.000" classname="com.epam.ja.kmw.model.BookTest"/>
  <testcase name="testMethodEqualsForTwoDifferentObjects" time="0.003" classname="com.epam.ja.kmw.model.BookTest"/>
  <testcase name="testMethodEqualsForTwoDifferentObjects" time="0.001" classname="com.epam.ja.kmw.model.BookTest"/>
  <testcase name="testIfHashCodeIsSameForIdenticalObjects" time="0.000" classname="com.epam.ja.kmw.model.BookTest"/>
  <testcase name="testIfHashCodeIsDifferentForTwoDifferObjects" time="0.000" classname="com.epam.ja.kmw.model.BookTest"/>
  <testcase name="testMethodEqualsForTwoEvenObjects" time="0.000" classname="com.epam.ja.kmw.model.BookTest"/>
  <testcase name="testIfHashCodeIsDifferentForTwoDifferObjects" time="0.091" classname="com.epam.ja.kmw.model.BookTest"/>
  <testcase name="testMethodEqualsForTwoEvenObjects" time="0.001" classname="com.epam.ja.kmw.model.BookTest"/>
</testsuite> <!-- com.epam.ja.kmw.model.BookTest -->
