<?xml version="1.0" encoding="UTF-8"?>
<!-- Generated by org.testng.reporters.JUnitReportReporter -->
<testsuite hostname="filipm-VirtualBox" name="com.epam.ja.kmw.dao.impl.PropertiesDaoImplTest" tests="4" failures="0" timestamp="28 Apr 2016 09:31:07 GMT" time="0.037" errors="0">
  <testcase name="upgradeIsGood" time="0.017" classname="com.epam.ja.kmw.dao.impl.PropertiesDaoImplTest"/>
  <testcase name="createTablePropertiesIsWrong" time="0.010" classname="com.epam.ja.kmw.dao.impl.PropertiesDaoImplTest"/>
  <testcase name="createTablePropertiesIsGood" time="0.007" classname="com.epam.ja.kmw.dao.impl.PropertiesDaoImplTest"/>
  <testcase name="getPropertiesIsGood" time="0.003" classname="com.epam.ja.kmw.dao.impl.PropertiesDaoImplTest"/>
</testsuite> <!-- com.epam.ja.kmw.dao.impl.PropertiesDaoImplTest -->
