<?xml version="1.0" encoding="UTF-8"?>
<!-- Generated by org.testng.reporters.JUnitReportReporter -->
<testsuite hostname="filipm-VirtualBox" name="com.epam.ja.kmw.model.BookTest" tests="4" failures="0" timestamp="28 Apr 2016 09:29:59 GMT" time="0.003" errors="0">
  <testcase name="testIfHashCodeIsDifferentForTwoDifferObjects" time="0.003" classname="com.epam.ja.kmw.model.BookTest"/>
  <testcase name="testMethodEqualsForTwoEvenObjects" time="0.000" classname="com.epam.ja.kmw.model.BookTest"/>
  <testcase name="testIfHashCodeIsSameForIdenticalObjects" time="0.000" classname="com.epam.ja.kmw.model.BookTest"/>
  <testcase name="testMethodEqualsForTwoDifferentObjects" time="0.000" classname="com.epam.ja.kmw.model.BookTest"/>
</testsuite> <!-- com.epam.ja.kmw.model.BookTest -->
