<?xml version="1.0" encoding="UTF-8"?>
<!-- Generated by org.testng.reporters.JUnitReportReporter -->
<testsuite hostname="filipm-VirtualBox" name="com.epam.ja.kmw.dao.impl.ConnectionDaoTest" tests="2" failures="0" timestamp="28 Apr 2016 09:31:07 GMT" time="0.324" errors="0">
  <testcase name="connectionDaoIsWrong" time="0.300" classname="com.epam.ja.kmw.dao.impl.ConnectionDaoTest"/>
  <testcase name="connectionDaoIsGood" time="0.024" classname="com.epam.ja.kmw.dao.impl.ConnectionDaoTest"/>
</testsuite> <!-- com.epam.ja.kmw.dao.impl.ConnectionDaoTest -->
