<?xml version="1.0" encoding="UTF-8"?>
<!-- Generated by org.testng.reporters.JUnitReportReporter -->
<testsuite hostname="filipm-VirtualBox" name="com.epam.ja.kmw.dao.impl.ConnectionDaoTest" tests="2" failures="0" timestamp="11 May 2016 13:15:05 GMT" time="0.242" errors="0">
  <testcase name="connectionDaoIsGood" time="0.187" classname="com.epam.ja.kmw.dao.impl.ConnectionDaoTest"/>
  <testcase name="connectionDaoIsWrong" time="0.055" classname="com.epam.ja.kmw.dao.impl.ConnectionDaoTest"/>
</testsuite> <!-- com.epam.ja.kmw.dao.impl.ConnectionDaoTest -->
