<?xml version="1.0" encoding="UTF-8"?>
<!-- Generated by org.testng.reporters.JUnitReportReporter -->
<testsuite hostname="adam-HP-Pavilion-g7-Notebook-PC" name="com.epam.ja.kmw.scraping.LibraryCheckerTest" tests="1" failures="0" timestamp="13 Apr 2016 10:31:54 GMT" time="0.017" errors="0">
  <testcase name="badlyNamedTest" time="0.017" classname="com.epam.ja.kmw.scraping.LibraryCheckerTest"/>
</testsuite> <!-- com.epam.ja.kmw.scraping.LibraryCheckerTest -->
