<?xml version="1.0" encoding="UTF-8"?>
<!-- Generated by org.testng.reporters.JUnitReportReporter -->
<testsuite hostname="adam-HP-Pavilion-g7-Notebook-PC" name="com.epam.ja.kmw.dao.impl.ConnectionDaoTest" tests="2" failures="0" timestamp="13 Apr 2016 10:31:54 GMT" time="0.179" errors="0">
  <testcase name="connectionDaoIsWrong" time="0.034" classname="com.epam.ja.kmw.dao.impl.ConnectionDaoTest"/>
  <testcase name="connectionDaoIsGood" time="0.145" classname="com.epam.ja.kmw.dao.impl.ConnectionDaoTest"/>
</testsuite> <!-- com.epam.ja.kmw.dao.impl.ConnectionDaoTest -->
