<?xml version="1.0" encoding="UTF-8"?>
<!-- Generated by org.testng.reporters.JUnitReportReporter -->
<testsuite hostname="filipm-VirtualBox" name="com.epam.ja.kmw.scraping.LibraryCheckerTest" tests="1" failures="0" timestamp="4 May 2016 15:03:13 GMT" time="0.000" errors="0">
  <testcase name="badlyNamedTest" time="0.000" classname="com.epam.ja.kmw.scraping.LibraryCheckerTest"/>
</testsuite> <!-- com.epam.ja.kmw.scraping.LibraryCheckerTest -->
