<?xml version="1.0" encoding="UTF-8"?>
<!-- Generated by org.testng.reporters.JUnitReportReporter -->
<testsuite hostname="filipm-VirtualBox" name="com.epam.ja.kmw.dao.impl.PropertiesDaoImplTest" tests="4" failures="0" timestamp="4 May 2016 15:03:13 GMT" time="0.029" errors="0">
  <testcase name="createTablePropertiesIsWrong" time="0.001" classname="com.epam.ja.kmw.dao.impl.PropertiesDaoImplTest"/>
  <testcase name="upgradeIsGood" time="0.021" classname="com.epam.ja.kmw.dao.impl.PropertiesDaoImplTest"/>
  <testcase name="getPropertiesIsGood" time="0.002" classname="com.epam.ja.kmw.dao.impl.PropertiesDaoImplTest"/>
  <testcase name="createTablePropertiesIsGood" time="0.005" classname="com.epam.ja.kmw.dao.impl.PropertiesDaoImplTest"/>
</testsuite> <!-- com.epam.ja.kmw.dao.impl.PropertiesDaoImplTest -->
