<?xml version="1.0" encoding="UTF-8"?>
<!-- Generated by org.testng.reporters.JUnitReportReporter -->
<testsuite hostname="adam-VirtualBox" name="com.epam.ja.kmw.dao.impl.ConnectionDaoTest" tests="2" failures="0" timestamp="12 May 2016 14:50:05 GMT" time="0.156" errors="0">
  <testcase name="connectionDaoIsWrong" time="0.003" classname="com.epam.ja.kmw.dao.impl.ConnectionDaoTest"/>
  <testcase name="connectionDaoIsGood" time="0.153" classname="com.epam.ja.kmw.dao.impl.ConnectionDaoTest"/>
</testsuite> <!-- com.epam.ja.kmw.dao.impl.ConnectionDaoTest -->
