<?xml version="1.0" encoding="UTF-8"?>
<!-- Generated by org.testng.reporters.JUnitReportReporter -->
<testsuite hostname="adam-VirtualBox" name="com.epam.ja.kmw.model.BookTest" tests="16" failures="0" timestamp="12 May 2016 14:50:05 GMT" time="0.074" errors="0">
  <testcase name="testMethodEqualsForTwoDifferentObjects" time="0.000" classname="com.epam.ja.kmw.model.BookTest"/>
  <testcase name="testMethodEqualsForTwoEvenObjects" time="0.000" classname="com.epam.ja.kmw.model.BookTest"/>
  <testcase name="testMethodEqualsForTwoDifferentObjects" time="0.000" classname="com.epam.ja.kmw.model.BookTest"/>
  <testcase name="testIfHashCodeIsDifferentForTwoDifferObjects" time="0.001" classname="com.epam.ja.kmw.model.BookTest"/>
  <testcase name="testIfHashCodeIsDifferentForTwoDifferObjects" time="0.071" classname="com.epam.ja.kmw.model.BookTest"/>
  <testcase name="testIfHashCodeIsSameForIdenticalObjects" time="0.000" classname="com.epam.ja.kmw.model.BookTest"/>
  <testcase name="testIfHashCodeIsSameForIdenticalObjects" time="0.000" classname="com.epam.ja.kmw.model.BookTest"/>
  <testcase name="testIfHashCodeIsSameForIdenticalObjects" time="0.000" classname="com.epam.ja.kmw.model.BookTest"/>
  <testcase name="testMethodEqualsForTwoEvenObjects" time="0.000" classname="com.epam.ja.kmw.model.BookTest"/>
  <testcase name="testIfHashCodeIsDifferentForTwoDifferObjects" time="0.000" classname="com.epam.ja.kmw.model.BookTest"/>
  <testcase name="testMethodEqualsForTwoEvenObjects" time="0.000" classname="com.epam.ja.kmw.model.BookTest"/>
  <testcase name="testIfHashCodeIsSameForIdenticalObjects" time="0.000" classname="com.epam.ja.kmw.model.BookTest"/>
  <testcase name="testMethodEqualsForTwoDifferentObjects" time="0.001" classname="com.epam.ja.kmw.model.BookTest"/>
  <testcase name="testIfHashCodeIsDifferentForTwoDifferObjects" time="0.001" classname="com.epam.ja.kmw.model.BookTest"/>
  <testcase name="testMethodEqualsForTwoEvenObjects" time="0.000" classname="com.epam.ja.kmw.model.BookTest"/>
  <testcase name="testMethodEqualsForTwoDifferentObjects" time="0.000" classname="com.epam.ja.kmw.model.BookTest"/>
</testsuite> <!-- com.epam.ja.kmw.model.BookTest -->
