<?xml version="1.0" encoding="UTF-8"?>
<!-- Generated by org.testng.reporters.JUnitReportReporter -->
<testsuite hostname="filipm-VirtualBox" name="com.epam.ja.kmw.model.BookTest" tests="4" failures="0" timestamp="4 May 2016 12:00:35 GMT" time="0.029" errors="0">
  <testcase name="testMethodEqualsForTwoDifferentObjects" time="0.000" classname="com.epam.ja.kmw.model.BookTest"/>
  <testcase name="testMethodEqualsForTwoEvenObjects" time="0.000" classname="com.epam.ja.kmw.model.BookTest"/>
  <testcase name="testIfHashCodeIsDifferentForTwoDifferObjects" time="0.029" classname="com.epam.ja.kmw.model.BookTest"/>
  <testcase name="testIfHashCodeIsSameForIdenticalObjects" time="0.000" classname="com.epam.ja.kmw.model.BookTest"/>
</testsuite> <!-- com.epam.ja.kmw.model.BookTest -->
