<?xml version="1.0" encoding="UTF-8"?>
<!-- Generated by org.testng.reporters.JUnitReportReporter -->
<testsuite hostname="filipm-VirtualBox" name="com.epam.ja.kmw.dao.impl.ConnectionDaoTest" tests="2" failures="0" timestamp="29 Apr 2016 09:04:52 GMT" time="0.097" errors="0">
  <testcase name="connectionDaoIsWrong" time="0.089" classname="com.epam.ja.kmw.dao.impl.ConnectionDaoTest"/>
  <testcase name="connectionDaoIsGood" time="0.008" classname="com.epam.ja.kmw.dao.impl.ConnectionDaoTest"/>
</testsuite> <!-- com.epam.ja.kmw.dao.impl.ConnectionDaoTest -->
