<?xml version="1.0" encoding="UTF-8"?>
<!-- Generated by org.testng.reporters.JUnitReportReporter -->
<testsuite hostname="filipm-VirtualBox" name="com.epam.ja.kmw.dao.impl.PropertiesDaoImplTest" tests="4" failures="0" timestamp="29 Apr 2016 09:04:52 GMT" time="0.028" errors="0">
  <testcase name="createTablePropertiesIsWrong" time="0.013" classname="com.epam.ja.kmw.dao.impl.PropertiesDaoImplTest"/>
  <testcase name="upgradeIsGood" time="0.010" classname="com.epam.ja.kmw.dao.impl.PropertiesDaoImplTest"/>
  <testcase name="getPropertiesIsGood" time="0.002" classname="com.epam.ja.kmw.dao.impl.PropertiesDaoImplTest"/>
  <testcase name="createTablePropertiesIsGood" time="0.003" classname="com.epam.ja.kmw.dao.impl.PropertiesDaoImplTest"/>
</testsuite> <!-- com.epam.ja.kmw.dao.impl.PropertiesDaoImplTest -->
