<?xml version="1.0" encoding="UTF-8"?>
<!-- Generated by org.testng.reporters.JUnitReportReporter -->
<testsuite hostname="filipm-VirtualBox" name="com.epam.ja.kmw.dao.impl.BookDaoImplTest" tests="5" failures="0" timestamp="10 May 2016 16:37:27 GMT" time="0.369" errors="0">
  <testcase name="testsMethodGetAllBooks" time="0.005" classname="com.epam.ja.kmw.dao.impl.BookDaoImplTest"/>
  <testcase name="testsMethodDelBook" time="0.001" classname="com.epam.ja.kmw.dao.impl.BookDaoImplTest"/>
  <testcase name="testsMethodAddAllBooks" time="0.356" classname="com.epam.ja.kmw.dao.impl.BookDaoImplTest"/>
  <testcase name="testsMethodAddBook" time="0.006" classname="com.epam.ja.kmw.dao.impl.BookDaoImplTest"/>
  <testcase name="testsMethodUpdateBook" time="0.001" classname="com.epam.ja.kmw.dao.impl.BookDaoImplTest"/>
</testsuite> <!-- com.epam.ja.kmw.dao.impl.BookDaoImplTest -->
