<?xml version="1.0" encoding="UTF-8"?>
<!-- Generated by org.testng.reporters.JUnitReportReporter -->
<testsuite hostname="adam-VirtualBox" name="com.epam.ja.kmw.dao.impl.BookDaoImplTest" tests="13" failures="0" timestamp="12 May 2016 14:50:05 GMT" time="0.259" errors="0">
  <testcase name="testsMethodAddAllBooks" time="0.031" classname="com.epam.ja.kmw.dao.impl.BookDaoImplTest"/>
  <testcase name="testsMethodAddAllBooks" time="0.037" classname="com.epam.ja.kmw.dao.impl.BookDaoImplTest"/>
  <testcase name="testsMethodUpdateBook" time="0.001" classname="com.epam.ja.kmw.dao.impl.BookDaoImplTest"/>
  <testcase name="testsMethodUpdateBook" time="0.001" classname="com.epam.ja.kmw.dao.impl.BookDaoImplTest"/>
  <testcase name="testsMethodUpdateBook" time="0.000" classname="com.epam.ja.kmw.dao.impl.BookDaoImplTest"/>
  <testcase name="testsMethodDelBook" time="0.002" classname="com.epam.ja.kmw.dao.impl.BookDaoImplTest"/>
  <testcase name="testsMethodAddBook" time="0.007" classname="com.epam.ja.kmw.dao.impl.BookDaoImplTest"/>
  <testcase name="testsMethodAddBook" time="0.003" classname="com.epam.ja.kmw.dao.impl.BookDaoImplTest"/>
  <testcase name="testsMethodAddBook" time="0.006" classname="com.epam.ja.kmw.dao.impl.BookDaoImplTest"/>
  <testcase name="testsMethodAddAllBooks" time="0.153" classname="com.epam.ja.kmw.dao.impl.BookDaoImplTest"/>
  <testcase name="testsMethodUpdateBook" time="0.010" classname="com.epam.ja.kmw.dao.impl.BookDaoImplTest"/>
  <testcase name="testsMethodGetAllBooks" time="0.003" classname="com.epam.ja.kmw.dao.impl.BookDaoImplTest"/>
  <testcase name="testsMethodAddBook" time="0.005" classname="com.epam.ja.kmw.dao.impl.BookDaoImplTest"/>
</testsuite> <!-- com.epam.ja.kmw.dao.impl.BookDaoImplTest -->
